<?xml version="1.0" encoding="UTF-8"?>
<!-- Generated by org.testng.reporters.JUnitXMLReporter -->
<testsuite ignored="1" hostname="ANaveen-QA" failures="0" tests="1" name="Product Validation  Test" time="6.615" errors="0" timestamp="2023-05-30T10:32:41 IST">
  <testcase classname="rahulshettyacademy.ErrorValidationTest" name="produtValidaion" time="2.336"/>
  <testcase classname="rahulshettyacademy.ErrorValidationTest" name="loginErrorValidation" time="0.0">
    <ignored/>
  </testcase> <!-- loginErrorValidation -->
</testsuite> <!-- Product Validation  Test -->
