<?xml version="1.0" encoding="UTF-8"?>
<!-- Generated by org.testng.reporters.JUnitXMLReporter -->
<testsuite ignored="2" hostname="ANaveen-QA" failures="2" tests="4" name="Test" time="19.18" errors="0" timestamp="2023-06-13T10:26:53 IST">
  <testcase classname="rahulshettyacademy.SubmitOrderTest" name="submitOrder" time="14.781"/>
  <testcase classname="rahulshettyacademy.SubmitOrderTest" name="orderHistoryTest" time="0.965"/>
  <testcase classname="rahulshettyacademy.ErrorValidationTest" name="produtValidaion" time="0.002">
    <failure type="java.lang.NullPointerException" message="Cannot invoke &amp;quot;rahulshettyacademy.pageobjects.LandingPage.loginApplication(String, String)&amp;quot; because &amp;quot;this.landingpage&amp;quot; is null">
      <![CDATA[java.lang.NullPointerException: Cannot invoke "rahulshettyacademy.pageobjects.LandingPage.loginApplication(String, String)" because "this.landingpage" is null
at rahulshettyacademy.ErrorValidationTest.produtValidaion(ErrorValidationTest.java:35)
at java.base/java.util.ArrayList.forEach(ArrayList.java:1511)
... Removed 27 stack frames]]>
    </failure>
  </testcase> <!-- produtValidaion -->
  <testcase classname="rahulshettyacademy.ErrorValidationTest" name="loginErrorValidation" time="0.002">
    <failure type="java.lang.NullPointerException" message="Cannot invoke &amp;quot;rahulshettyacademy.pageobjects.LandingPage.loginApplication(String, String)&amp;quot; because &amp;quot;this.landingpage&amp;quot; is null">
      <![CDATA[java.lang.NullPointerException: Cannot invoke "rahulshettyacademy.pageobjects.LandingPage.loginApplication(String, String)" because "this.landingpage" is null
at rahulshettyacademy.ErrorValidationTest.loginErrorValidation(ErrorValidationTest.java:47)
at java.base/java.util.ArrayList.forEach(ArrayList.java:1511)
... Removed 27 stack frames]]>
    </failure>
  </testcase> <!-- loginErrorValidation -->
  <testcase classname="rahulshettyacademy.TestComponents.BaseTest" name="@BeforeTest launchApplication" time="0.0">
    <ignored/>
  </testcase> <!-- @BeforeTest launchApplication -->
  <testcase classname="rahulshettyacademy.TestComponents.BaseTest" name="@AfterTest closeBrowser" time="0.0">
    <ignored/>
  </testcase> <!-- @AfterTest closeBrowser -->
</testsuite> <!-- Test -->
