<?xml version="1.0" encoding="UTF-8"?>
<testng-results ignored="1" total="3" passed="2" failed="0" skipped="0">
  <reporter-output>
  </reporter-output>
  <suite started-at="2024-03-03T18:51:33 IST" name="Suite" finished-at="2024-03-03T18:52:10 IST" duration-ms="37041">
    <groups>
      <group name="purchase">
        <method signature="SubmitOrderTest.submitOrder(java.util.HashMap)[pri:0, instance:rahulshettyacademy.tests.SubmitOrderTest@52bf72b5]" name="submitOrder" class="rahulshettyacademy.tests.SubmitOrderTest"/>
      </group> <!-- purchase -->
    </groups>
    <test started-at="2024-03-03T18:51:33 IST" name="Submit order" finished-at="2024-03-03T18:52:10 IST" duration-ms="37041">
      <class name="rahulshettyacademy.tests.SubmitOrderTest">
        <test-method is-config="true" signature="launchApplication()[pri:0, instance:rahulshettyacademy.tests.SubmitOrderTest@52bf72b5]" started-at="2024-03-03T18:51:33 IST" name="launchApplication" finished-at="2024-03-03T18:51:37 IST" duration-ms="4073" status="PASS">
          <reporter-output>
          </reporter-output>
        </test-method> <!-- launchApplication -->
        <test-method signature="submitOrder(java.util.HashMap)[pri:0, instance:rahulshettyacademy.tests.SubmitOrderTest@52bf72b5]" started-at="2024-03-03T18:51:37 IST" name="submitOrder" data-provider="getData" finished-at="2024-03-03T18:51:52 IST" duration-ms="14422" status="PASS">
          <params>
            <param index="0">
              <value>
                <![CDATA[{password=Test@1234, email=naveenpractice7@gmail.com, productName=ZARA COAT 3}]]>
              </value>
            </param>
          </params>
          <reporter-output>
          </reporter-output>
        </test-method> <!-- submitOrder -->
        <test-method is-config="true" signature="closeBrowser()[pri:0, instance:rahulshettyacademy.tests.SubmitOrderTest@52bf72b5]" started-at="2024-03-03T18:51:52 IST" name="closeBrowser" finished-at="2024-03-03T18:51:52 IST" duration-ms="189" status="PASS">
          <reporter-output>
          </reporter-output>
        </test-method> <!-- closeBrowser -->
        <test-method is-config="true" signature="launchApplication()[pri:0, instance:rahulshettyacademy.tests.SubmitOrderTest@52bf72b5]" started-at="2024-03-03T18:51:52 IST" name="launchApplication" finished-at="2024-03-03T18:51:55 IST" duration-ms="3319" status="PASS">
          <reporter-output>
          </reporter-output>
        </test-method> <!-- launchApplication -->
        <test-method signature="submitOrder(java.util.HashMap)[pri:0, instance:rahulshettyacademy.tests.SubmitOrderTest@52bf72b5]" started-at="2024-03-03T18:51:55 IST" name="submitOrder" data-provider="getData" finished-at="2024-03-03T18:52:10 IST" duration-ms="14576" status="PASS">
          <params>
            <param index="0">
              <value>
                <![CDATA[{password=Test@1234, email=tt8526884@gmail.com, productName=ADIDAS ORIGINAL}]]>
              </value>
            </param>
          </params>
          <reporter-output>
          </reporter-output>
        </test-method> <!-- submitOrder -->
        <test-method is-config="true" signature="closeBrowser()[pri:0, instance:rahulshettyacademy.tests.SubmitOrderTest@52bf72b5]" started-at="2024-03-03T18:52:10 IST" name="closeBrowser" finished-at="2024-03-03T18:52:10 IST" duration-ms="233" status="PASS">
          <reporter-output>
          </reporter-output>
        </test-method> <!-- closeBrowser -->
      </class> <!-- rahulshettyacademy.tests.SubmitOrderTest -->
    </test> <!-- Submit order -->
  </suite> <!-- Suite -->
</testng-results>
