<?xml version="1.0" encoding="UTF-8"?>
<testng-results ignored="1" total="3" passed="2" failed="0" skipped="0">
  <reporter-output>
  </reporter-output>
  <suite started-at="2024-03-14T10:09:48 IST" name="Suite" finished-at="2024-03-14T10:10:27 IST" duration-ms="39087">
    <groups>
      <group name="purchase">
        <method signature="SubmitOrderTest.submitOrder(java.util.HashMap)[pri:0, instance:rahulshettyacademy.tests.SubmitOrderTest@10683d9d]" name="submitOrder" class="rahulshettyacademy.tests.SubmitOrderTest"/>
      </group> <!-- purchase -->
    </groups>
    <test started-at="2024-03-14T10:09:48 IST" name="Submit order" finished-at="2024-03-14T10:10:27 IST" duration-ms="39087">
      <class name="rahulshettyacademy.tests.SubmitOrderTest">
        <test-method is-config="true" signature="launchApplication()[pri:0, instance:rahulshettyacademy.tests.SubmitOrderTest@10683d9d]" started-at="2024-03-14T10:09:48 IST" name="launchApplication" finished-at="2024-03-14T10:09:55 IST" duration-ms="6806" status="PASS">
          <reporter-output>
          </reporter-output>
        </test-method> <!-- launchApplication -->
        <test-method signature="submitOrder(java.util.HashMap)[pri:0, instance:rahulshettyacademy.tests.SubmitOrderTest@10683d9d]" started-at="2024-03-14T10:09:55 IST" name="submitOrder" data-provider="getData" finished-at="2024-03-14T10:10:09 IST" duration-ms="14556" status="PASS">
          <params>
            <param index="0">
              <value>
                <![CDATA[{password=Test@1234, email=naveenpractice7@gmail.com, productName=ZARA COAT 3}]]>
              </value>
            </param>
          </params>
          <reporter-output>
          </reporter-output>
        </test-method> <!-- submitOrder -->
        <test-method is-config="true" signature="closeBrowser()[pri:0, instance:rahulshettyacademy.tests.SubmitOrderTest@10683d9d]" started-at="2024-03-14T10:10:09 IST" name="closeBrowser" finished-at="2024-03-14T10:10:10 IST" duration-ms="331" status="PASS">
          <reporter-output>
          </reporter-output>
        </test-method> <!-- closeBrowser -->
        <test-method is-config="true" signature="launchApplication()[pri:0, instance:rahulshettyacademy.tests.SubmitOrderTest@10683d9d]" started-at="2024-03-14T10:10:10 IST" name="launchApplication" finished-at="2024-03-14T10:10:12 IST" duration-ms="2641" status="PASS">
          <reporter-output>
          </reporter-output>
        </test-method> <!-- launchApplication -->
        <test-method signature="submitOrder(java.util.HashMap)[pri:0, instance:rahulshettyacademy.tests.SubmitOrderTest@10683d9d]" started-at="2024-03-14T10:10:12 IST" name="submitOrder" data-provider="getData" finished-at="2024-03-14T10:10:26 IST" duration-ms="14175" status="PASS">
          <params>
            <param index="0">
              <value>
                <![CDATA[{password=Test@1234, email=tt8526884@gmail.com, productName=ADIDAS ORIGINAL}]]>
              </value>
            </param>
          </params>
          <reporter-output>
          </reporter-output>
        </test-method> <!-- submitOrder -->
        <test-method is-config="true" signature="closeBrowser()[pri:0, instance:rahulshettyacademy.tests.SubmitOrderTest@10683d9d]" started-at="2024-03-14T10:10:26 IST" name="closeBrowser" finished-at="2024-03-14T10:10:27 IST" duration-ms="312" status="PASS">
          <reporter-output>
          </reporter-output>
        </test-method> <!-- closeBrowser -->
      </class> <!-- rahulshettyacademy.tests.SubmitOrderTest -->
    </test> <!-- Submit order -->
  </suite> <!-- Suite -->
</testng-results>
